     1                                  bits 32 
     2                                  ;Cerinta problema:x-(a*b*25+c*3)/(a+b)+e(cu semn)
     3                                  ;a,b,c-byte
     4                                  ;e-doubleword
     5                                  ;x-qword
     6                                  global start        
     7                                  extern exit               
     8                                  import exit msvcrt.dll    
     9                                  segment data use32 class=data
    10 00000000 02                          a db 2 
    11 00000001 01                          b db 1
    12 00000002 05                          c db 5
    13 00000003 01000000                    e dd 1
    14 00000007 0A00000000000000            x dq 10
    15                                  segment code use32 class=code
    16                                      start:
    17 00000000 A0[00000000]                    mov AL,[a];
    18 00000005 F62D[01000000]                  imul byte [b];AX=a*b
    19                                          
    20 0000000B 66BB1900                        mov BX,25;BX=25
    21 0000000F 66F7EB                          imul BX;DX:AX=a*b*25
    22 00000012 6652                            push DX
    23 00000014 6650                            push AX
    24 00000016 5B                              pop EBX;EBX=a*b*25
    25                                          
    26 00000017 A0[02000000]                    mov AL,[c];
    27 0000001C B103                            mov CL,3;CL=3
    28 0000001E F6E9                            imul CL;AX=3*c
    29 00000020 98                              cwde;EAX=3*c
    30                                          
    31 00000021 01D8                            add EAX,EBX;EAX=a*b*25+c*3 
    32 00000023 89C1                            mov ECX,EAX;ECX=a*b*25+c*3 
    33                                          
    34 00000025 A0[00000000]                    mov AL,[a];AL=BX=a
    35 0000002A 0205[01000000]                  add AL,[b];AL=a+b
    36 00000030 6698                            cbw;AX=a+b
    37 00000032 6689C3                          mov BX,AX;BX=a+b
    38                                          
    39 00000035 51                              push ECX
    40 00000036 6658                            pop AX
    41 00000038 665A                            pop DX
    42                                          
    43 0000003A 66F7FB                          idiv BX;AX=(a*b*25+c*3)/(a+b)
    44                                                ;DX=(a*b*25+c*3)%(a+b)
    45                                                
    46 0000003D 98                              cwde;EAX=(a*b*25+c*3)/(a+b)
    47 0000003E 89C1                            mov ECX,EAX;ECX=(a*b*25+c*3)/(a+b)
    48                                          
    49 00000040 A1[07000000]                    mov EAX,dword [x+0]
    50 00000045 8B15[0B000000]                  mov EDX,dword [x+4];EDX:EAX=x
    51 0000004B 29C8                            sub EAX,ECX
    52 0000004D 83DA00                          sbb EDX,0;EDX:EAX=x-(a*b*25+c*3)/(a+b)
    53                                          
    54 00000050 8B1D[03000000]                  mov EBX,[e]
    55 00000056 01D8                            add EAX,EBX;
    56 00000058 83D200                          adc EDX,0;EDX:EAX=x-(a*b*25+c*3)/(a+b)+e
    57                                      
    58                                          ; exit(0)
    59 0000005B 6A00                            push    dword 0      
    60 0000005D FF15[00000000]                  call    [exit]       
