     1                                  bits 32 ; assembling for the 32 bits architecture
     2                                  ;Cerinta problemei:a-b-d+2+c+(10-b)
     3                                  ;a-byte
     4                                  ;b-byte
     5                                  ;c=byte
     6                                  ;d-byte
     7                                  global start        
     8                                  
     9                                  extern exit               ; tell nasm that exit exists even if we won't be defining it
    10                                  import exit msvcrt.dll    ; exit is a function that ends the calling process. It is defined in msvcrt.dll
    11                                                            ; msvcrt.dll contains exit, printf and all the other important C-runtime specific functions
    12                                  
    13                                  ; our data is declared here (the variables needed by our program)
    14                                  segment data use32 class=data
    15 00000000 01                          a db 1
    16 00000001 02                          b db 2
    17 00000002 03                          c db 3
    18 00000003 04                          d db 4
    19                                  
    20                                  ; our code starts here
    21                                  segment code use32 class=code
    22                                      start:
    23 00000000 A0[00000000]                 mov AL,[a];AL=a
    24 00000005 2A05[01000000]               sub AL,[b];AL=AL-b=a-b
    25 0000000B 2A05[03000000]               sub AL,[d];AL=AL-d=a-b-d
    26 00000011 0402                         add AL,2;AL=AL+2=a-b-d+2
    27 00000013 0205[02000000]               add AL,[c];AL=AL+c=a-b-d+2+c
    28 00000019 B30A                         mov BL,10;BL=10
    29 0000001B 2A1D[01000000]               sub BL,[b];BL=BL-b=10-b;
    30 00000021 00D8                         add AL,BL;AL=AL+BL=a-b-d+2+c+(10-b)
    31                                    
    32                                      
    33                                          ; exit(0)
    34 00000023 6A00                            push    dword 0      ; push the parameter for exit onto the stack
    35 00000025 FF15[00000000]                  call    [exit]       ; call exit to terminate the program
