     1                                  ;Se da un sir S de dublucuvinte.
     2                                  ;Sa se obtina sirul D format din octetii dublucuvintelor din sirul D sortati in ordine descrescatoare in interpretarea fara semn.
     3                                  ;s DD 12345607h, 1A2B3C15h
     4                                  ;d DB 56h, 3Ch, 34h, 2Bh, 1Ah, 15h, 12h, 07h
     5                                  
     6                                  bits 32 
     7                                  global start        
     8                                  extern exit              
     9                                  import exit msvcrt.dll    
    10                                  segment data use32 class=data
    11 00000000 07563412153C2B1A            s dd 12345607h, 1A2B3C15h
    12                                      ls equ ($-s)/4
    13 00000008 00<rept>                    d times ls db 0
    14                                  
    15                                  segment code use32 class=code
    16                                      start:
    17 00000000 B902000000                      mov ecx, ls;punem lungimea in ECX lungimea sirului B
    18 00000005 BE[00000000]                    mov esi,s;variabila pentru incrementare
    19                                          
    20 0000000A E360                            jecxz sfarsit1
    21 0000000C FC                              cld
    22                                          repeta1:
    23 0000000D AD                                  lodsd
    24 0000000E 50                                  push eax
    25 0000000F E2FC                            loop repeta1
    26                                          
    27 00000011 B904000000                      mov ecx,ls*2
    28 00000016 BE00000000                      mov esi,0
    29                                          
    30 0000001B E34F                            jecxz sfarsit2
    31                                          repeta2:
    32 0000001D 6658                                pop ax
    33 0000001F 8886[08000000]                      mov [d+esi],al
    34 00000025 46                                  inc esi
    35 00000026 88A6[08000000]                      mov [d+esi],ah
    36 0000002C 46                                  inc esi
    37 0000002D E2EE                            loop repeta2
    38                                          
    39 0000002F B908000000                      mov ecx,ls*4
    40 00000034 BE00000000                      mov esi,0
    41                                          for1:
    42 00000039 51                                  push ecx
    43 0000003A 89F3                                mov ebx,esi
    44 0000003C 43                                  inc ebx
    45                                              for2:
    46 0000003D 8A86[08000000]                          mov al,[d+esi]
    47 00000043 8A93[08000000]                          mov dl,[d+ebx]
    48 00000049 38C2                                    cmp dl,al
    49 0000004B 7E18                                    jle done
    50 0000004D 8A96[08000000]                              mov dl,[d+esi]
    51 00000053 8A83[08000000]                              mov al,[d+ebx]
    52 00000059 8886[08000000]                              mov [d+esi], al
    53 0000005F 8893[08000000]                              mov [d+ebx], dl
    54                                                  done:
    55 00000065 43                                      inc ebx
    56 00000066 E2D5                                loop for2
    57 00000068 46                                  inc esi
    58 00000069 59                                  pop ecx
    59 0000006A E2CD                            loop for1
    60                                          sfarsit1:
    61                                          sfarsit2:
    62                                          ; exit(0)
    63 0000006C 6A00                            push    dword 0      
    64 0000006E FF15[00000000]                  call    [exit]       
