c:\users\tapuc\source\repos\lab6_7\lab6_7\x64\debug\vc143.pdb
c:\users\tapuc\source\repos\lab6_7\lab6_7\x64\debug\vc143.idb
c:\users\tapuc\source\repos\lab6_7\lab6_7\x64\debug\domain.nativecodeanalysis.sarif
c:\users\tapuc\source\repos\lab6_7\lab6_7\x64\debug\domain.nativecodeanalysis.xml
c:\users\tapuc\source\repos\lab6_7\lab6_7\x64\debug\main.nativecodeanalysis.sarif
c:\users\tapuc\source\repos\lab6_7\lab6_7\x64\debug\main.nativecodeanalysis.xml
c:\users\tapuc\source\repos\lab6_7\lab6_7\x64\debug\repository.nativecodeanalysis.sarif
c:\users\tapuc\source\repos\lab6_7\lab6_7\x64\debug\repository.nativecodeanalysis.xml
c:\users\tapuc\source\repos\lab6_7\lab6_7\x64\debug\service.nativecodeanalysis.sarif
c:\users\tapuc\source\repos\lab6_7\lab6_7\x64\debug\service.nativecodeanalysis.xml
c:\users\tapuc\source\repos\lab6_7\lab6_7\x64\debug\ui.nativecodeanalysis.sarif
c:\users\tapuc\source\repos\lab6_7\lab6_7\x64\debug\ui.nativecodeanalysis.xml
c:\users\tapuc\source\repos\lab6_7\lab6_7\x64\debug\ui.obj
c:\users\tapuc\source\repos\lab6_7\lab6_7\x64\debug\service.obj
c:\users\tapuc\source\repos\lab6_7\lab6_7\x64\debug\repository.obj
c:\users\tapuc\source\repos\lab6_7\lab6_7\x64\debug\main.obj
c:\users\tapuc\source\repos\lab6_7\lab6_7\x64\debug\domain.obj
c:\users\tapuc\source\repos\lab6_7\lab6_7\x64\debug\lab6_7.ilk
c:\users\tapuc\source\repos\lab6_7\x64\debug\lab6_7.exe
c:\users\tapuc\source\repos\lab6_7\x64\debug\lab6_7.pdb
c:\users\tapuc\source\repos\lab6_7\lab6_7\x64\debug\vc.nativecodeanalysis.all.xml
c:\users\tapuc\source\repos\lab6_7\lab6_7\x64\debug\lab6_7.tlog\cl.command.1.tlog
c:\users\tapuc\source\repos\lab6_7\lab6_7\x64\debug\lab6_7.tlog\cl.items.tlog
c:\users\tapuc\source\repos\lab6_7\lab6_7\x64\debug\lab6_7.tlog\cl.read.1.tlog
c:\users\tapuc\source\repos\lab6_7\lab6_7\x64\debug\lab6_7.tlog\cl.write.1.tlog
c:\users\tapuc\source\repos\lab6_7\lab6_7\x64\debug\lab6_7.tlog\link.command.1.tlog
c:\users\tapuc\source\repos\lab6_7\lab6_7\x64\debug\lab6_7.tlog\link.read.1.tlog
c:\users\tapuc\source\repos\lab6_7\lab6_7\x64\debug\lab6_7.tlog\link.write.1.tlog
