[2024-04-11 18:35:09] [info] Start Program:
Path:"C:\Users\tapuc\source\repos\lab6_7\x64\Debug\lab6_7.exe"
Arguments:
Working directory: "C:\Users\tapuc\source\repos\lab6_7\lab6_7\"
Modules: Selected: C:\Users\tapuc\source\repos\lab6_7\x64\Debug\lab6_7.exe Excluded: 
Sources: Selected: C:\Users\tapuc\source\repos\lab6_7\lab6_7 Excluded: 
Log Level: Normal
Cover Children: 0
Aggregate by file: 1
Continue after C++ exception: 0
Optimized build support: 0
Export: Binary C:\Users\tapuc\AppData\Local\Temp\o4neiwqj.fic 
Input coverage: 
Unified diff: 
Excluded line regular expressions: 
Substitute pdb source paths: 

[2024-04-11 18:35:10] [info] Module: C:\Users\tapuc\source\repos\lab6_7\x64\Debug\lab6_7.exe is selected because it matches selected pattern: C:\Users\tapuc\source\repos\lab6_7\x64\Debug\lab6_7.exe
[2024-04-11 18:35:10] [info] ----------------------------------------------------
[2024-04-11 18:35:10] [info] Coverage binary generated in file: C:\Users\tapuc\AppData\Local\Temp\o4neiwqj.fic
[2024-04-11 18:35:10] [info] ----------------------------------------------------
