     1                                  bits 32 ; assembling for the 32 bits architecture
     2                                  ;Cerinta problema:f*(e-2)/[3*(d-5)]
     3                                  ;d-byte
     4                                  ;e-word
     5                                  ;f-word
     6                                  global start        
     7                                  
     8                                  extern exit               ; tell nasm that exit exists even if we won't be defining it
     9                                  import exit msvcrt.dll    ; exit is a function that ends the calling process. It is defined in msvcrt.dll
    10                                                            ; msvcrt.dll contains exit, printf and all the other important C-runtime specific functions
    11                                  
    12                                  segment data use32 class=data
    13 00000000 06                          d db 6
    14 00000001 0400                        e dw 4
    15 00000003 0300                        f dw 3
    16                                  
    17                                  segment code use32 class=code
    18                                      start:
    19                                          
    20 00000000 A0[00000000]                    MOV AL,[d];AL=d
    21 00000005 2C05                            SUB AL,5;AL=AL-5
    22 00000007 B303                            MOV BL,3;BL=3
    23 00000009 F6E3                            MUL BL;AX=AL*BL
    24 0000000B 6689C3                          MOV BX,AX;BX=[3*(d-5)]
    25                                  
    26 0000000E 668B0D[01000000]                MOV CX,[e];CX=e
    27 00000015 6683E902                        SUB CX,2;CX=CX-2=e-2
    28 00000019 66A1[03000000]                  MOV AX,[f];AX=f
    29 0000001F 66F7E1                          MUL CX;DX:AX=f*(e-2)
    30                                          
    31 00000022 66F7F3                          DIV BX;DX:AX=DX:AX/BX=f*(e-2)/[3*(d-5)]
    32                                          
    33                                          ; exit(0)
    34 00000025 6A00                            push    dword 0      ; push the parameter for exit onto the stack
    35 00000027 FF15[00000000]                  call    [exit]       ; call exit to terminate the program
