     1                                  bits 32 ; assembling for the 32 bits architecture
     2                                  global start        
     3                                  ;Cerinta problemei:(a-b+c)-(d+d)
     4                                  ;a-word
     5                                  ;b-word
     6                                  ;c-word
     7                                  ;d-word
     8                                  extern exit               ; tell nasm that exit exists even if we won't be defining it
     9                                  import exit msvcrt.dll    ; exit is a function that ends the calling process. It is defined in msvcrt.dll
    10                                                            ; msvcrt.dll contains exit, printf and all the other important C-runtime specific functions
    11                                  
    12                                  segment data use32 class=data
    13 00000000 0500                        a dw 5
    14 00000002 0200                        b dw 2
    15 00000004 0300                        c dw 3
    16 00000006 0100                        d dw 1
    17                                  
    18                                  ; our code starts here
    19                                  segment code use32 class=code
    20                                      start:
    21 00000000 66A1[00000000]                  mov AX,[a];AX=a
    22 00000006 662B05[02000000]                sub AX,[b];AX=AX-b=a-b
    23 0000000D 660305[04000000]                add AX,[c];AX=AX+c=a-b+c
    24 00000014 668B15[06000000]                mov DX,[d];DX=d
    25 0000001B 660315[06000000]                add DX,[d];DX=DX+d=d+d
    26 00000022 6629D0                          sub AX,DX
    27                                      
    28                                          ; exit(0)
    29 00000025 6A00                            push    dword 0      ; push the parameter for exit onto the stack
    30 00000027 FF15[00000000]                  call    [exit]       ; call exit to terminate the program
