[2024-04-06 23:28:05] [info] Start Program:
Path:"C:\Users\dell\Desktop\Facultate anul 1\Semestrul 2\Programare orientata pe obiecte\Laborator\Lab 6-7\Lab 6-7 vector dinamic - BUN\x64\Debug\Lab 6-7 vector dinamic - BUN.exe"
Arguments:
Working directory: "C:\Users\dell\Desktop\Facultate anul 1\Semestrul 2\Programare orientata pe obiecte\Laborator\Lab 6-7\Lab 6-7 vector dinamic - BUN\Lab 6-7 vector dinamic - BUN\"
Modules: Selected: C:\Users\dell\Desktop\Facultate anul 1\Semestrul 2\Programare orientata pe obiecte\Laborator\Lab 6-7\Lab 6-7 vector dinamic - BUN\x64\Debug\Lab 6-7 vector dinamic - BUN.exe Excluded: 
Sources: Selected: C:\Users\dell\Desktop\Facultate anul 1\Semestrul 2\Programare orientata pe obiecte\Laborator\Lab 6-7\Lab 6-7 vector dinamic - BUN\Lab 6-7 vector dinamic - BUN Excluded: 
Log Level: Normal
Cover Children: 0
Aggregate by file: 1
Continue after C++ exception: 0
Optimized build support: 0
Export: Binary C:\Users\dell\AppData\Local\Temp\pnom3jmy.udc 
Input coverage: 
Unified diff: 
Excluded line regular expressions: 
Substitute pdb source paths: 

[2024-04-06 23:28:07] [info] Module: C:\Users\dell\Desktop\Facultate anul 1\Semestrul 2\Programare orientata pe obiecte\Laborator\Lab 6-7\Lab 6-7 vector dinamic - BUN\x64\Debug\Lab 6-7 vector dinamic - BUN.exe is selected because it matches selected pattern: C:\Users\dell\Desktop\Facultate anul 1\Semestrul 2\Programare orientata pe obiecte\Laborator\Lab 6-7\Lab 6-7 vector dinamic - BUN\x64\Debug\Lab 6-7 vector dinamic - BUN.exe
[2024-04-06 23:28:07] [info] ----------------------------------------------------
[2024-04-06 23:28:07] [info] Coverage binary generated in file: C:\Users\dell\AppData\Local\Temp\pnom3jmy.udc
[2024-04-06 23:28:07] [info] ----------------------------------------------------
